%6|1733334290.394|GETSUBSCRIPTIONS|rdkafka#producer-1| [thrd:main]: Telemetry client instance id changed from AAAAAAAAAAAAAAAAAAAAAA to AfxNz8wuTPGcSbWMOn0vSw
Successfully fetched data for Kabul
Sending data for Kabul: {"location": {"name": "Kabul", "region": "Kabol", "country": "Afghanistan", "lat": 34.5167, "lon": 69.1833, "tz_id": "Asia/Kabul", "localtime_epoch": 1733334112, "localtime": "2024-12-04 22:11"}, "cur...
Produced weather data for Kabul
Successfully fetched data for Tirana
Sending data for Tirana: {"location": {"name": "Tirana", "region": "Tirane", "country": "Albania", "lat": 41.3275, "lon": 19.8189, "tz_id": "Europe/Tirane", "localtime_epoch": 1733334152, "localtime": "2024-12-04 18:42"}, "cu...
Produced weather data for Tirana
Successfully fetched data for Algiers
Sending data for Algiers: {"location": {"name": "Algiers", "region": "Alger", "country": "Algeria", "lat": 36.7631, "lon": 3.0506, "tz_id": "Africa/Algiers", "localtime_epoch": 1733334151, "localtime": "2024-12-04 18:42"}, "cu...
Produced weather data for Algiers
Successfully fetched data for Andorra la Vella
Sending data for Andorra la Vella: {"location": {"name": "Andorra La Vella", "region": "Andorra la Vella", "country": "Andorra", "lat": 42.5, "lon": 1.5167, "tz_id": "Europe/Andorra", "localtime_epoch": 1733334153, "localtime": "2024-1...
Produced weather data for Andorra la Vella
Successfully fetched data for Luanda
Sending data for Luanda: {"location": {"name": "Luanda", "region": "Cuanza Norte", "country": "Angola", "lat": -8.8383, "lon": 13.2344, "tz_id": "Africa/Luanda", "localtime_epoch": 1733334117, "localtime": "2024-12-04 18:41"}...
Produced weather data for Luanda
Successfully fetched data for Buenos Aires
Sending data for Buenos Aires: {"location": {"name": "Buenos Aires", "region": "Distrito Federal", "country": "Argentina", "lat": -34.5875, "lon": -58.6725, "tz_id": "America/Argentina/Buenos_Aires", "localtime_epoch": 1733334119, ...
Produced weather data for Buenos Aires
Successfully fetched data for Yerevan
Sending data for Yerevan: {"location": {"name": "Yerevan", "region": "Yerevan", "country": "Armenia", "lat": 40.1811, "lon": 44.5136, "tz_id": "Asia/Yerevan", "localtime_epoch": 1733334148, "localtime": "2024-12-04 21:42"}, "c...
Produced weather data for Yerevan
Successfully fetched data for Canberra
Sending data for Canberra: {"location": {"name": "Canberra", "region": "Australian Capital Territory", "country": "Australia", "lat": -35.2833, "lon": 149.2167, "tz_id": "Australia/Sydney", "localtime_epoch": 1733334121, "local...
Produced weather data for Canberra
Successfully fetched data for Vienna
Sending data for Vienna: {"location": {"name": "Vienna", "region": "Wien", "country": "Austria", "lat": 48.2, "lon": 16.3667, "tz_id": "Europe/Vienna", "localtime_epoch": 1733334122, "localtime": "2024-12-04 18:42"}, "current...
Produced weather data for Vienna
Successfully fetched data for Baku
Sending data for Baku: {"location": {"name": "Baku", "region": "Baki", "country": "Azerbaijan", "lat": 40.3953, "lon": 49.8822, "tz_id": "Asia/Baku", "localtime_epoch": 1733334124, "localtime": "2024-12-04 21:42"}, "current...
Produced weather data for Baku
Successfully fetched data for Nassau
Sending data for Nassau: {"location": {"name": "Nassau", "region": "New Providence", "country": "Bahamas", "lat": 25.0833, "lon": -77.35, "tz_id": "America/Nassau", "localtime_epoch": 1733333157, "localtime": "2024-12-04 12:2...
Produced weather data for Nassau
Successfully fetched data for Manama
Sending data for Manama: {"location": {"name": "Manama", "region": "Al Manamah", "country": "Bahrain", "lat": 26.2361, "lon": 50.5831, "tz_id": "Asia/Bahrain", "localtime_epoch": 1733334127, "localtime": "2024-12-04 20:42"}, ...
Produced weather data for Manama
Successfully fetched data for Dhaka
Sending data for Dhaka: {"location": {"name": "Dhaka", "region": "", "country": "Bangladesh", "lat": 23.7231, "lon": 90.4086, "tz_id": "Asia/Dhaka", "localtime_epoch": 1733334164, "localtime": "2024-12-04 23:42"}, "current":...
Produced weather data for Dhaka
Successfully fetched data for Bridgetown
Sending data for Bridgetown: {"location": {"name": "Bridgetown", "region": "Saint Michael", "country": "Barbados", "lat": 13.1, "lon": -59.6167, "tz_id": "America/Barbados", "localtime_epoch": 1733334167, "localtime": "2024-12-04...
Produced weather data for Bridgetown
Successfully fetched data for Minsk
Sending data for Minsk: {"location": {"name": "Minsk", "region": "Minsk", "country": "Belarus", "lat": 53.9, "lon": 27.5667, "tz_id": "Europe/Minsk", "localtime_epoch": 1733334268, "localtime": "2024-12-04 20:44"}, "current"...
Produced weather data for Minsk
Successfully fetched data for Brussels
Sending data for Brussels: {"location": {"name": "Brussels", "region": "", "country": "Belgium", "lat": 50.8333, "lon": 4.3333, "tz_id": "Europe/Brussels", "localtime_epoch": 1733333302, "localtime": "2024-12-04 18:28"}, "curre...
Produced weather data for Brussels
Successfully fetched data for Belmopan
Sending data for Belmopan: {"location": {"name": "Belmopan", "region": "Cayo", "country": "Belize", "lat": 17.25, "lon": -88.7667, "tz_id": "America/Belize", "localtime_epoch": 1733333303, "localtime": "2024-12-04 11:28"}, "cur...
Produced weather data for Belmopan
Successfully fetched data for Porto-Novo
Sending data for Porto-Novo: {"location": {"name": "Porto-Novo", "region": "Oueme", "country": "Benin", "lat": 6.4833, "lon": 2.6167, "tz_id": "Africa/Porto-Novo", "localtime_epoch": 1733334273, "localtime": "2024-12-04 18:44"}, ...
Produced weather data for Porto-Novo
Successfully fetched data for Thimphu
Sending data for Thimphu: {"location": {"name": "Thimphu", "region": "Thimphu", "country": "Bhutan", "lat": 27.4833, "lon": 89.6, "tz_id": "Asia/Thimphu", "localtime_epoch": 1733334311, "localtime": "2024-12-04 23:45"}, "curre...
Produced weather data for Thimphu
Successfully fetched data for La Paz
Sending data for La Paz: {"location": {"name": "La Paz", "region": "La Paz", "country": "Bolivia", "lat": -16.5, "lon": -68.15, "tz_id": "America/La_Paz", "localtime_epoch": 1733334275, "localtime": "2024-12-04 13:44"}, "curr...
Produced weather data for La Paz
Successfully fetched data for Sarajevo
Sending data for Sarajevo: {"location": {"name": "Sarajevo", "region": "", "country": "Bosnia and Herzegovina", "lat": 43.85, "lon": 18.3833, "tz_id": "Europe/Sarajevo", "localtime_epoch": 1733334305, "localtime": "2024-12-04 1...
Produced weather data for Sarajevo
Successfully fetched data for Gaborone
Sending data for Gaborone: {"location": {"name": "Gaborone", "region": "South-East", "country": "Botswana", "lat": -24.6464, "lon": 25.9119, "tz_id": "Africa/Gaborone", "localtime_epoch": 1733334279, "localtime": "2024-12-04 19...
Produced weather data for Gaborone
Successfully fetched data for Brasília
Sending data for Brasília: {"location": {"name": "Bras\u00edlia", "region": "Distrito Federal", "country": "Brasil", "lat": -15.7833, "lon": -47.9167, "tz_id": "America/Sao_Paulo", "localtime_epoch": 1733333311, "localtime": "2...
Produced weather data for Brasília
Successfully fetched data for Sofia
Sending data for Sofia: {"location": {"name": "Sofia", "region": "Grad Sofiya", "country": "Bulgaria", "lat": 42.6833, "lon": 23.3167, "tz_id": "Europe/Sofia", "localtime_epoch": 1733335283, "localtime": "2024-12-04 20:01"},...
Produced weather data for Sofia
Successfully fetched data for Ouagadougou
Sending data for Ouagadougou: {"location": {"name": "Ouagadougou", "region": "Kadiogo", "country": "Burkina Faso", "lat": 12.3703, "lon": -1.5247, "tz_id": "Africa/Ouagadougou", "localtime_epoch": 1733333314, "localtime": "2024-12...
Produced weather data for Ouagadougou
Successfully fetched data for Gitega
Sending data for Gitega: {"location": {"name": "Gitega", "region": "Gitega", "country": "Burundi", "lat": -3.425, "lon": 29.9333, "tz_id": "Africa/Bujumbura", "localtime_epoch": 1733333315, "localtime": "2024-12-04 19:28"}, "...
Produced weather data for Gitega
Successfully fetched data for Phnom Penh
Sending data for Phnom Penh: {"location": {"name": "Phnom Penh", "region": "Phnum Penh", "country": "Cambodia", "lat": 11.55, "lon": 104.917, "tz_id": "Asia/Phnom_Penh", "localtime_epoch": 1733334285, "localtime": "2024-12-05 00:...
Produced weather data for Phnom Penh
Successfully fetched data for Yaoundé
Sending data for Yaoundé: {"location": {"name": "Yaound\u00e9", "region": "Centre", "country": "Camer\u00fan", "lat": 3.8667, "lon": 11.5167, "tz_id": "Africa/Douala", "localtime_epoch": 1733334286, "localtime": "2024-12-04 18...
Produced weather data for Yaoundé
Successfully fetched data for Ottawa
Sending data for Ottawa: {"location": {"name": "Ottawa", "region": "Ontario", "country": "Canada", "lat": 45.4167, "lon": -75.7, "tz_id": "America/Toronto", "localtime_epoch": 1733334288, "localtime": "2024-12-04 12:44"}, "cu...
Produced weather data for Ottawa
Successfully fetched data for Beijing
Sending data for Beijing: {"location": {"name": "Beijing", "region": "Beijing", "country": "China", "lat": 39.9289, "lon": 116.3883, "tz_id": "Asia/Shanghai", "localtime_epoch": 1733334327, "localtime": "2024-12-05 01:45"}, "c...
Produced weather data for Beijing
Successfully fetched data for Bogotá
Sending data for Bogotá: {"location": {"name": "Bogot\u00e1", "region": "Cundinamarca", "country": "Kolumbien", "lat": 4.6, "lon": -74.0833, "tz_id": "America/Bogota", "localtime_epoch": 1733334290, "localtime": "2024-12-04 1...
Produced weather data for Bogotá
Successfully fetched data for Copenhagen
Sending data for Copenhagen: {"location": {"name": "Copenhagen", "region": "Hovedstaden", "country": "Denmark", "lat": 55.667, "lon": 12.583, "tz_id": "Europe/Copenhagen", "localtime_epoch": 1733335293, "localtime": "2024-12-04 1...
Produced weather data for Copenhagen
Successfully fetched data for Cairo
Sending data for Cairo: {"location": {"name": "Cairo", "region": "Al Qahirah", "country": "Egypt", "lat": 30.05, "lon": 31.25, "tz_id": "Africa/Cairo", "localtime_epoch": 1733334321, "localtime": "2024-12-04 19:45"}, "curren...
Produced weather data for Cairo
Successfully fetched data for London
Sending data for London: {"location": {"name": "London", "region": "City of London, Greater London", "country": "United Kingdom", "lat": 51.5171, "lon": -0.1062, "tz_id": "Europe/London", "localtime_epoch": 1733334294, "local...
Produced weather data for London
Successfully fetched data for Paris
Sending data for Paris: {"location": {"name": "Paris", "region": "Ile-de-France", "country": "France", "lat": 48.8667, "lon": 2.3333, "tz_id": "Europe/Paris", "localtime_epoch": 1733334334, "localtime": "2024-12-04 18:45"}, ...
Produced weather data for Paris
Successfully fetched data for Berlin
Sending data for Berlin: {"location": {"name": "Berlin", "region": "Berlin", "country": "Germany", "lat": 52.5167, "lon": 13.4, "tz_id": "Europe/Berlin", "localtime_epoch": 1733333329, "localtime": "2024-12-04 18:28"}, "curre...
Produced weather data for Berlin
Successfully fetched data for Athens
Sending data for Athens: {"location": {"name": "Athens", "region": "Attica", "country": "Greece", "lat": 37.9795, "lon": 23.7162, "tz_id": "Europe/Athens", "localtime_epoch": 1733333330, "localtime": "2024-12-04 19:28"}, "cur...
Produced weather data for Athens
Successfully fetched data for New Delhi
Sending data for New Delhi: {"location": {"name": "New Delhi", "region": "Delhi", "country": "India", "lat": 28.6, "lon": 77.2, "tz_id": "Asia/Kolkata", "localtime_epoch": 1733334299, "localtime": "2024-12-04 23:14"}, "current":...
Produced weather data for New Delhi
Successfully fetched data for Jakarta
Sending data for Jakarta: {"location": {"name": "Jakarta", "region": "Jakarta Raya", "country": "Indonesia", "lat": -6.2146, "lon": 106.8451, "tz_id": "Asia/Jakarta", "localtime_epoch": 1733333333, "localtime": "2024-12-05 00:...
Produced weather data for Jakarta
Successfully fetched data for Tehran
Sending data for Tehran: {"location": {"name": "Tehran", "region": "Tehran", "country": "Iran", "lat": 35.7261, "lon": 51.3304, "tz_id": "Asia/Tehran", "localtime_epoch": 1733334338, "localtime": "2024-12-04 21:15"}, "current...
Produced weather data for Tehran
Successfully fetched data for Baghdad
Sending data for Baghdad: {"location": {"name": "Baghdad", "region": "Baghdad", "country": "Iraq", "lat": 33.3386, "lon": 44.3939, "tz_id": "Asia/Baghdad", "localtime_epoch": 1733333335, "localtime": "2024-12-04 20:28"}, "curr...
Produced weather data for Baghdad
Successfully fetched data for Dublin
Sending data for Dublin: {"location": {"name": "Dublin", "region": "Dublin", "country": "Ireland", "lat": 53.3331, "lon": -6.2489, "tz_id": "Europe/Dublin", "localtime_epoch": 1733333336, "localtime": "2024-12-04 17:28"}, "cu...
Produced weather data for Dublin
Successfully fetched data for Jerusalem
Sending data for Jerusalem: {"location": {"name": "Jerusalem", "region": "Yerushalayim", "country": "Israel", "lat": 31.78, "lon": 35.23, "tz_id": "Asia/Jerusalem", "localtime_epoch": 1733333338, "localtime": "2024-12-04 19:28"}...
Produced weather data for Jerusalem
Successfully fetched data for Rome
Sending data for Rome: {"location": {"name": "Rome", "region": "Lazio", "country": "Italy", "lat": 41.9, "lon": 12.4833, "tz_id": "Europe/Rome", "localtime_epoch": 1733333339, "localtime": "2024-12-04 18:28"}, "current": {"...
Produced weather data for Rome
Successfully fetched data for Tokyo
Sending data for Tokyo: {"location": {"name": "Tokyo", "region": "Tokyo", "country": "Japan", "lat": 35.6895, "lon": 139.6917, "tz_id": "Asia/Tokyo", "localtime_epoch": 1733334316, "localtime": "2024-12-05 02:45"}, "current"...
Produced weather data for Tokyo
Successfully fetched data for Amman
Sending data for Amman: {"location": {"name": "Amman", "region": "Amman Governorate", "country": "Jordan", "lat": 31.95, "lon": 35.933, "tz_id": "Asia/Amman", "localtime_epoch": 1733333342, "localtime": "2024-12-04 20:29"}, ...
Produced weather data for Amman
Successfully fetched data for Nairobi
Sending data for Nairobi: {"location": {"name": "Nairobi", "region": "Nairobi Area", "country": "Kenya", "lat": -1.2833, "lon": 36.8167, "tz_id": "Africa/Nairobi", "localtime_epoch": 1733334348, "localtime": "2024-12-04 20:45"...
Produced weather data for Nairobi
Successfully fetched data for Kuwait City
Sending data for Kuwait City: {"location": {"name": "Kuwait City", "region": "Al Kuwayt", "country": "Kuwait", "lat": 29.3667, "lon": 47.96, "tz_id": "Asia/Kuwait", "localtime_epoch": 1733334348, "localtime": "2024-12-04 20:45"}, ...
Produced weather data for Kuwait City
Successfully fetched data for Kuala Lumpur
Sending data for Kuala Lumpur: {"location": {"name": "Kuala Lumpur", "region": "Kuala Lumpur", "country": "Malaysia", "lat": 3.1667, "lon": 101.7, "tz_id": "Asia/Kuala_Lumpur", "localtime_epoch": 1733334313, "localtime": "2024-12-0...
Produced weather data for Kuala Lumpur
Successfully fetched data for Mexico City
Sending data for Mexico City: {"location": {"name": "Mexico City", "region": "The Federal District", "country": "Mexico", "lat": 19.4285, "lon": -99.1277, "tz_id": "America/Mexico_City", "localtime_epoch": 1733333347, "localtime":...
Produced weather data for Mexico City
Successfully fetched data for Rabat
Sending data for Rabat: {"location": {"name": "Rabat", "region": "", "country": "Morocco", "lat": 34.0253, "lon": -6.8361, "tz_id": "Africa/Casablanca", "localtime_epoch": 1733333348, "localtime": "2024-12-04 18:29"}, "curre...
Produced weather data for Rabat
Successfully fetched data for Amsterdam
Sending data for Amsterdam: {"location": {"name": "Amsterdam", "region": "North Holland", "country": "Netherlands", "lat": 52.374, "lon": 4.8897, "tz_id": "Europe/Amsterdam", "localtime_epoch": 1733334326, "localtime": "2024-12-...
Produced weather data for Amsterdam
Successfully fetched data for Wellington
Sending data for Wellington: {"location": {"name": "Wellington", "region": "", "country": "New Zealand", "lat": -41.3, "lon": 174.7833, "tz_id": "Pacific/Auckland", "localtime_epoch": 1733334319, "localtime": "2024-12-05 06:45"},...
Produced weather data for Wellington
Successfully fetched data for Oslo
Sending data for Oslo: {"location": {"name": "Oslo", "region": "Oslo", "country": "Norway", "lat": 59.9167, "lon": 10.75, "tz_id": "Europe/Oslo", "localtime_epoch": 1733334320, "localtime": "2024-12-04 18:45"}, "current": {...